154254: Beginning ItemSearches...
154315: Searching: Capisette - Country: United Kingdom
154334: Index: Baby - Page: 1
154835: Beginning ItemSearches...
154914: Searching: Livatrex - Country: United Kingdom
154931: Index: Baby - Page: 1
154951: ERROR: The remote server returned an error: (403) Forbidden.
154951: ERROR: The remote server returned an error: (403) Forbidden.
154951: ERROR: The remote server returned an error: (403) Forbidden.
154951: ERROR: The remote server returned an error: (403) Forbidden.
154951: ERROR: The remote server returned an error: (403) Forbidden.
154952: ERROR: The remote server returned an error: (403) Forbidden.
154952: ERROR: The remote server returned an error: (403) Forbidden.
154952: ERROR: The remote server returned an error: (403) Forbidden.
154953: ERROR: The remote server returned an error: (403) Forbidden.
154953: ERROR: The remote server returned an error: (403) Forbidden.
154953: ERROR: The remote server returned an error: (403) Forbidden.
154953: ERROR: The remote server returned an error: (403) Forbidden.
154954: ERROR: The remote server returned an error: (403) Forbidden.
154954: ERROR: The remote server returned an error: (403) Forbidden.
154954: ERROR: The remote server returned an error: (403) Forbidden.
154954: ERROR: The remote server returned an error: (403) Forbidden.
154955: ERROR: The remote server returned an error: (403) Forbidden.
154955: ERROR: The remote server returned an error: (403) Forbidden.
154955: ERROR: The remote server returned an error: (403) Forbidden.
154955: ERROR: The remote server returned an error: (403) Forbidden.
154956: ERROR: The remote server returned an error: (403) Forbidden.
154956: ERROR: The remote server returned an error: (403) Forbidden.
154956: ERROR: The remote server returned an error: (403) Forbidden.
154956: ERROR: The remote server returned an error: (403) Forbidden.
154957: ERROR: The remote server returned an error: (403) Forbidden.
154957: ERROR: The remote server returned an error: (403) Forbidden.
154957: ERROR: The remote server returned an error: (403) Forbidden.
154957: ERROR: The remote server returned an error: (403) Forbidden.
154958: ERROR: The remote server returned an error: (403) Forbidden.
154958: ERROR: The remote server returned an error: (403) Forbidden.
154958: ERROR: The remote server returned an error: (403) Forbidden.
154958: ERROR: The remote server returned an error: (403) Forbidden.
154959: ERROR: The remote server returned an error: (403) Forbidden.
154959: ERROR: The remote server returned an error: (403) Forbidden.
154959: ERROR: The remote server returned an error: (403) Forbidden.
154959: ERROR: The remote server returned an error: (403) Forbidden.
155000: ERROR: The remote server returned an error: (403) Forbidden.
155000: ERROR: The remote server returned an error: (403) Forbidden.
155000: ERROR: The remote server returned an error: (403) Forbidden.
155000: ERROR: The remote server returned an error: (403) Forbidden.
155001: ERROR: The remote server returned an error: (403) Forbidden.
155001: ERROR: The remote server returned an error: (403) Forbidden.
155001: ERROR: The remote server returned an error: (403) Forbidden.
155002: ERROR: The remote server returned an error: (403) Forbidden.
155002: ERROR: The remote server returned an error: (403) Forbidden.
155002: ERROR: The remote server returned an error: (403) Forbidden.
155002: ERROR: The remote server returned an error: (403) Forbidden.
155003: ERROR: The remote server returned an error: (403) Forbidden.
155003: ERROR: The remote server returned an error: (403) Forbidden.
155003: ERROR: The remote server returned an error: (403) Forbidden.
155003: ERROR: The remote server returned an error: (403) Forbidden.
155004: ERROR: The remote server returned an error: (403) Forbidden.
155004: ERROR: The remote server returned an error: (403) Forbidden.
155004: ERROR: The remote server returned an error: (403) Forbidden.
155004: ERROR: The remote server returned an error: (403) Forbidden.
155005: ERROR: The remote server returned an error: (403) Forbidden.
155005: ERROR: The remote server returned an error: (403) Forbidden.
155005: ERROR: The remote server returned an error: (403) Forbidden.
155005: ERROR: The remote server returned an error: (403) Forbidden.
155006: ERROR: The remote server returned an error: (403) Forbidden.
155351: Beginning ItemSearches...
155357: Searching: Livatrex - Country: United Kingdom
155412: Index: Baby - Page: 1
